<?xml version="1.0" encoding="UTF-8"?>
<!-- Generated by org.testng.reporters.JUnitXMLReporter -->
<testsuite hostname="PC77334" ignored="4" name="Command line test" tests="10" failures="1" timestamp="17 Apr 2019 17:14:54 GMT" time="155.719" errors="0">
  <testcase name="verifyIndexPageTitle" time="0.119" classname="webstoreselenium.qa.testcases.IndexPageTest"/>
  <testcase name="verify_EZorder_success" time="10.509" classname="webstoreselenium.qa.testcases.ezsample.Test_ezSample_sucess">
    <failure type="org.openqa.selenium.NoSuchElementException" message="Cannot locate an element using id=projectName
For documentation on this error, please visit: https://www.seleniumhq.org/exceptions/no_such_element.html
Build info: version: &amp;apos;3.141.59&amp;apos;, revision: &amp;apos;e82be7d358&amp;apos;, time: &amp;apos;2018-11-14T08:17:03&amp;apos;
System info: host: &amp;apos;PC77334&amp;apos;, ip: &amp;apos;192.168.3.154&amp;apos;, os.name: &amp;apos;Windows 7&amp;apos;, os.arch: &amp;apos;amd64&amp;apos;, os.version: &amp;apos;6.1&amp;apos;, java.version: &amp;apos;1.8.0_73&amp;apos;
Driver info: driver.version: EventFiringWebDriver">
      <![CDATA[org.openqa.selenium.NoSuchElementException: Cannot locate an element using id=projectName
For documentation on this error, please visit: https://www.seleniumhq.org/exceptions/no_such_element.html
Build info: version: '3.141.59', revision: 'e82be7d358', time: '2018-11-14T08:17:03'
System info: host: 'PC77334', ip: '192.168.3.154', os.name: 'Windows 7', os.arch: 'amd64', os.version: '6.1', java.version: '1.8.0_73'
Driver info: driver.version: EventFiringWebDriver
	at org.openqa.selenium.remote.RemoteWebDriver.findElement(RemoteWebDriver.java:327)
	at org.openqa.selenium.remote.RemoteWebDriver.findElementById(RemoteWebDriver.java:372)
	at org.openqa.selenium.By$ById.findElement(By.java:188)
	at org.openqa.selenium.remote.RemoteWebDriver.findElement(RemoteWebDriver.java:315)
	at org.openqa.selenium.support.events.EventFiringWebDriver.lambda$new$1(EventFiringWebDriver.java:105)
	at com.sun.proxy.$Proxy6.findElement(Unknown Source)
	at org.openqa.selenium.support.events.EventFiringWebDriver.findElement(EventFiringWebDriver.java:194)
	at org.openqa.selenium.support.pagefactory.DefaultElementLocator.findElement(DefaultElementLocator.java:69)
	at org.openqa.selenium.support.pagefactory.internal.LocatingElementHandler.invoke(LocatingElementHandler.java:38)
	at com.sun.proxy.$Proxy11.clear(Unknown Source)
	at webstoreselenium.qa.utils.TestUtil.clearAndSendKeys(TestUtil.java:125)
	at webstoreselenium.qa.pages.EZSamplePage.enterRequireField(EZSamplePage.java:37)
	at webstoreselenium.qa.testcases.ezsample.Test_ezSample_sucess.verify_EZorder_success(Test_ezSample_sucess.java:72)
... Removed 39 stack frames]]>
    </failure>
  </testcase> <!-- verify_EZorder_success -->
  <testcase name="verify_US_ezOrderEmail_generated" time="3.478" classname="webstoreselenium.qa.testcases.ezsample.Test_ezSample_sucess"/>
  <testcase name="verifyCurrentUrl" time="1.131" classname="webstoreselenium.qa.testcases.LoginPageTest"/>
  <testcase name="verifyErrorMsgForInvalidLogin" time="1.585" classname="webstoreselenium.qa.testcases.LoginPageTest"/>
  <testcase name="verify_UK_order" time="17.986" classname="webstoreselenium.qa.testcases.order.Test_Order_UK"/>
  <testcase name="verify_US_order" time="23.313" classname="webstoreselenium.qa.testcases.order.Test_Order_US"/>
  <testcase name="verify_MCL_quote" time="10.215" classname="webstoreselenium.qa.testcases.quote.Test_Quote_UK"/>
  <testcase name="verify_US_quote" time="8.413" classname="webstoreselenium.qa.testcases.quote.Test_Quote_US"/>
  <testcase name="verifyCreatedNewAddress" time="0.0" classname="webstoreselenium.qa.testcases.UpdateProfileTest">
    <skipped/>
  </testcase> <!-- verifyCreatedNewAddress -->
  <testcase name="verify_US_orderEmail_generated" time="0.0" classname="webstoreselenium.qa.testcases.order.Test_Order_US">
    <ignored/>
  </testcase> <!-- verify_US_orderEmail_generated -->
  <testcase name="verify_MCL_quoteEmail_generated" time="0.0" classname="webstoreselenium.qa.testcases.quote.Test_Quote_UK">
    <ignored/>
  </testcase> <!-- verify_MCL_quoteEmail_generated -->
  <testcase name="verify_US_quoteEmail_generated" time="0.0" classname="webstoreselenium.qa.testcases.quote.Test_Quote_US">
    <ignored/>
  </testcase> <!-- verify_US_quoteEmail_generated -->
  <testcase name="verifyCurrentUrl" time="0.0" classname="webstoreselenium.qa.testcases.UpdateProfileTest">
    <ignored/>
  </testcase> <!-- verifyCurrentUrl -->
</testsuite> <!-- Command line test -->
