<!DOCTYPE html PUBLIC "-//W3C//DTD XHTML 1.1//EN" "http://www.w3.org/TR/xhtml11/DTD/xhtml11.dtd">
<html xmlns="http://www.w3.org/1999/xhtml"><head><title>TestNG Report</title><style type="text/css">table {margin-bottom:10px;border-collapse:collapse;empty-cells:show}th,td {border:1px solid #009;padding:.25em .5em}th {vertical-align:bottom}td {vertical-align:top}table a {font-weight:bold}.stripe td {background-color: #E6EBF9}.num {text-align:right}.passedodd td {background-color: #3F3}.passedeven td {background-color: #0A0}.skippedodd td {background-color: #DDD}.skippedeven td {background-color: #CCC}.failedodd td,.attn {background-color: #F33}.failedeven td,.stripe .attn {background-color: #D00}.stacktrace {white-space:pre;font-family:monospace}.totop {font-size:85%;text-align:center;border-bottom:2px solid #000}</style></head><body><table><tr><th>Test</th><th># Passed</th><th># Skipped</th><th># Failed</th><th>Time (ms)</th><th>Included Groups</th><th>Excluded Groups</th></tr><tr><th colspan="7">Command line suite</th></tr><tr><td><a href="#t0">Command line test</a></td><td class="num">8</td><td class="num attn">1</td><td class="num attn">1</td><td class="num">155,719</td><td></td><td></td></tr></table><table id='summary'><thead><tr><th>Class</th><th>Method</th><th>Start</th><th>Time (ms)</th></tr></thead><tbody><tr><th colspan="4">Command line suite</th></tr></tbody><tbody id="t0"><tr><th colspan="4">Command line test &#8212; failed</th></tr><tr class="failedeven"><td rowspan="1">webstoreselenium.qa.testcases.ezsample.Test_ezSample_sucess</td><td><a href="#m0">verify_EZorder_success</a></td><td rowspan="1">1555521156915</td><td rowspan="1">10509</td></tr><tr><th colspan="4">Command line test &#8212; skipped</th></tr><tr class="skippedeven"><td rowspan="1">webstoreselenium.qa.testcases.UpdateProfileTest</td><td><a href="#m1">verifyCreatedNewAddress</a></td><td rowspan="1">1555521294516</td><td rowspan="1">0</td></tr><tr><th colspan="4">Command line test &#8212; passed</th></tr><tr class="passedeven"><td rowspan="1">webstoreselenium.qa.testcases.IndexPageTest</td><td><a href="#m2">verifyIndexPageTitle</a></td><td rowspan="1">1555521144111</td><td rowspan="1">119</td></tr><tr class="passedodd"><td rowspan="2">webstoreselenium.qa.testcases.LoginPageTest</td><td><a href="#m3">verifyCurrentUrl</a></td><td rowspan="1">1555521184164</td><td rowspan="1">1131</td></tr><tr class="passedodd"><td><a href="#m4">verifyErrorMsgForInvalidLogin</a></td><td rowspan="1">1555521193045</td><td rowspan="1">1585</td></tr><tr class="passedeven"><td rowspan="1">webstoreselenium.qa.testcases.ezsample.Test_ezSample_sucess</td><td><a href="#m5">verify_US_ezOrderEmail_generated</a></td><td rowspan="1">1555521171283</td><td rowspan="1">3478</td></tr><tr class="passedodd"><td rowspan="1">webstoreselenium.qa.testcases.order.Test_Order_UK</td><td><a href="#m6">verify_UK_order</a></td><td rowspan="1">1555521206230</td><td rowspan="1">17986</td></tr><tr class="passedeven"><td rowspan="1">webstoreselenium.qa.testcases.order.Test_Order_US</td><td><a href="#m7">verify_US_order</a></td><td rowspan="1">1555521234093</td><td rowspan="1">23313</td></tr><tr class="passedodd"><td rowspan="1">webstoreselenium.qa.testcases.quote.Test_Quote_UK</td><td><a href="#m8">verify_MCL_quote</a></td><td rowspan="1">1555521264335</td><td rowspan="1">10215</td></tr><tr class="passedeven"><td rowspan="1">webstoreselenium.qa.testcases.quote.Test_Quote_US</td><td><a href="#m9">verify_US_quote</a></td><td rowspan="1">1555521282364</td><td rowspan="1">8413</td></tr></tbody></table><h2>Command line test</h2><h3 id="m0">webstoreselenium.qa.testcases.ezsample.Test_ezSample_sucess#verify_EZorder_success</h3><table class="result"><tr><th>Exception</th></tr><tr><td><div class="stacktrace">org.openqa.selenium.NoSuchElementException: Cannot locate an element using id=projectName
For documentation on this error, please visit: https://www.seleniumhq.org/exceptions/no_such_element.html
Build info: version: &apos;3.141.59&apos;, revision: &apos;e82be7d358&apos;, time: &apos;2018-11-14T08:17:03&apos;
System info: host: &apos;PC77334&apos;, ip: &apos;192.168.3.154&apos;, os.name: &apos;Windows 7&apos;, os.arch: &apos;amd64&apos;, os.version: &apos;6.1&apos;, java.version: &apos;1.8.0_73&apos;
Driver info: driver.version: EventFiringWebDriver
	at org.openqa.selenium.remote.RemoteWebDriver.findElement(RemoteWebDriver.java:327)
	at org.openqa.selenium.remote.RemoteWebDriver.findElementById(RemoteWebDriver.java:372)
	at org.openqa.selenium.By$ById.findElement(By.java:188)
	at org.openqa.selenium.remote.RemoteWebDriver.findElement(RemoteWebDriver.java:315)
	at org.openqa.selenium.support.events.EventFiringWebDriver.lambda$new$1(EventFiringWebDriver.java:105)
	at com.sun.proxy.$Proxy6.findElement(Unknown Source)
	at org.openqa.selenium.support.events.EventFiringWebDriver.findElement(EventFiringWebDriver.java:194)
	at org.openqa.selenium.support.pagefactory.DefaultElementLocator.findElement(DefaultElementLocator.java:69)
	at org.openqa.selenium.support.pagefactory.internal.LocatingElementHandler.invoke(LocatingElementHandler.java:38)
	at com.sun.proxy.$Proxy11.clear(Unknown Source)
	at webstoreselenium.qa.utils.TestUtil.clearAndSendKeys(TestUtil.java:125)
	at webstoreselenium.qa.pages.EZSamplePage.enterRequireField(EZSamplePage.java:37)
	at webstoreselenium.qa.testcases.ezsample.Test_ezSample_sucess.verify_EZorder_success(Test_ezSample_sucess.java:72)
... Removed 39 stack frames</div></td></tr></table><p class="totop"><a href="#summary">back to summary</a></p><h3 id="m1">webstoreselenium.qa.testcases.UpdateProfileTest#verifyCreatedNewAddress</h3><table class="result"><tr><th>Exception</th></tr><tr><td><div class="stacktrace">java.lang.RuntimeException: java.lang.NullPointerException
Caused by: java.lang.NullPointerException
	at webstoreselenium.qa.utils.TestUtil.getTestData(TestUtil.java:60)
	at webstoreselenium.qa.testcases.UpdateProfileTest.getData(UpdateProfileTest.java:55)
	... 32 more
... Removed 40 stack frames</div></td></tr></table><p class="totop"><a href="#summary">back to summary</a></p><h3 id="m2">webstoreselenium.qa.testcases.IndexPageTest#verifyIndexPageTitle</h3><table class="result"></table><p class="totop"><a href="#summary">back to summary</a></p><h3 id="m3">webstoreselenium.qa.testcases.LoginPageTest#verifyCurrentUrl</h3><table class="result"></table><p class="totop"><a href="#summary">back to summary</a></p><h3 id="m4">webstoreselenium.qa.testcases.LoginPageTest#verifyErrorMsgForInvalidLogin</h3><table class="result"></table><p class="totop"><a href="#summary">back to summary</a></p><h3 id="m5">webstoreselenium.qa.testcases.ezsample.Test_ezSample_sucess#verify_US_ezOrderEmail_generated</h3><table class="result"></table><p class="totop"><a href="#summary">back to summary</a></p><h3 id="m6">webstoreselenium.qa.testcases.order.Test_Order_UK#verify_UK_order</h3><table class="result"></table><p class="totop"><a href="#summary">back to summary</a></p><h3 id="m7">webstoreselenium.qa.testcases.order.Test_Order_US#verify_US_order</h3><table class="result"></table><p class="totop"><a href="#summary">back to summary</a></p><h3 id="m8">webstoreselenium.qa.testcases.quote.Test_Quote_UK#verify_MCL_quote</h3><table class="result"></table><p class="totop"><a href="#summary">back to summary</a></p><h3 id="m9">webstoreselenium.qa.testcases.quote.Test_Quote_US#verify_US_quote</h3><table class="result"></table><p class="totop"><a href="#summary">back to summary</a></p></body></html>