<?xml version="1.0" encoding="UTF-8"?>
<testng-results skipped="1" failed="1" ignored="4" total="14" passed="8">
  <reporter-output>
  </reporter-output>
  <suite name="Command line suite" duration-ms="155719" started-at="2019-04-17T17:12:18Z" finished-at="2019-04-17T17:14:54Z">
    <groups>
    </groups>
    <test name="Command line test" duration-ms="155719" started-at="2019-04-17T17:12:18Z" finished-at="2019-04-17T17:14:54Z">
      <class name="webstoreselenium.qa.testcases.LoginPageTest">
        <test-method status="PASS" signature="setUp()[pri:0, instance:webstoreselenium.qa.testcases.LoginPageTest@735f7ae5]" name="setUp" is-config="true" duration-ms="9401" started-at="2019-04-17T13:12:54Z" finished-at="2019-04-17T13:13:04Z">
          <reporter-output>
          </reporter-output>
        </test-method> <!-- setUp -->
        <test-method status="PASS" signature="verifyCurrentUrl()[pri:0, instance:webstoreselenium.qa.testcases.LoginPageTest@735f7ae5]" name="verifyCurrentUrl" duration-ms="1131" started-at="2019-04-17T13:13:04Z" finished-at="2019-04-17T13:13:05Z">
          <reporter-output>
          </reporter-output>
        </test-method> <!-- verifyCurrentUrl -->
        <test-method status="PASS" signature="tearDown()[pri:0, instance:webstoreselenium.qa.testcases.LoginPageTest@735f7ae5]" name="tearDown" is-config="true" duration-ms="1343" started-at="2019-04-17T13:13:05Z" finished-at="2019-04-17T13:13:06Z">
          <reporter-output>
          </reporter-output>
        </test-method> <!-- tearDown -->
        <test-method status="PASS" signature="setUp()[pri:0, instance:webstoreselenium.qa.testcases.LoginPageTest@735f7ae5]" name="setUp" is-config="true" duration-ms="6406" started-at="2019-04-17T13:13:06Z" finished-at="2019-04-17T13:13:13Z">
          <reporter-output>
          </reporter-output>
        </test-method> <!-- setUp -->
        <test-method status="PASS" signature="verifyErrorMsgForInvalidLogin()[pri:0, instance:webstoreselenium.qa.testcases.LoginPageTest@735f7ae5]" name="verifyErrorMsgForInvalidLogin" duration-ms="1585" started-at="2019-04-17T13:13:13Z" finished-at="2019-04-17T13:13:14Z">
          <reporter-output>
          </reporter-output>
        </test-method> <!-- verifyErrorMsgForInvalidLogin -->
        <test-method status="PASS" signature="tearDown()[pri:0, instance:webstoreselenium.qa.testcases.LoginPageTest@735f7ae5]" name="tearDown" is-config="true" duration-ms="5037" started-at="2019-04-17T13:13:14Z" finished-at="2019-04-17T13:13:19Z">
          <reporter-output>
          </reporter-output>
        </test-method> <!-- tearDown -->
      </class> <!-- webstoreselenium.qa.testcases.LoginPageTest -->
      <class name="webstoreselenium.qa.testcases.quote.Test_Quote_US">
        <test-method status="PASS" signature="setUp()[pri:0, instance:webstoreselenium.qa.testcases.quote.Test_Quote_US@246ae04d]" name="setUp" is-config="true" duration-ms="4260" started-at="2019-04-17T13:14:38Z" finished-at="2019-04-17T13:14:42Z">
          <reporter-output>
          </reporter-output>
        </test-method> <!-- setUp -->
        <test-method status="PASS" signature="verify_US_quote()[pri:0, instance:webstoreselenium.qa.testcases.quote.Test_Quote_US@246ae04d]" name="verify_US_quote" duration-ms="8413" started-at="2019-04-17T13:14:42Z" finished-at="2019-04-17T13:14:50Z">
          <reporter-output>
          </reporter-output>
        </test-method> <!-- verify_US_quote -->
        <test-method status="PASS" signature="tearDown()[pri:0, instance:webstoreselenium.qa.testcases.quote.Test_Quote_US@246ae04d]" name="tearDown" is-config="true" duration-ms="1707" started-at="2019-04-17T13:14:50Z" finished-at="2019-04-17T13:14:52Z">
          <reporter-output>
          </reporter-output>
        </test-method> <!-- tearDown -->
      </class> <!-- webstoreselenium.qa.testcases.quote.Test_Quote_US -->
      <class name="webstoreselenium.qa.testcases.ezsample.Test_ezSample_sucess">
        <test-method status="PASS" signature="setUp()[pri:0, instance:webstoreselenium.qa.testcases.ezsample.Test_ezSample_sucess@783e6358]" name="setUp" is-config="true" duration-ms="3720" started-at="2019-04-17T13:12:33Z" finished-at="2019-04-17T13:12:36Z">
          <reporter-output>
          </reporter-output>
        </test-method> <!-- setUp -->
        <test-method status="FAIL" signature="verify_EZorder_success()[pri:0, instance:webstoreselenium.qa.testcases.ezsample.Test_ezSample_sucess@783e6358]" name="verify_EZorder_success" duration-ms="10509" started-at="2019-04-17T13:12:36Z" finished-at="2019-04-17T13:12:47Z">
          <exception class="org.openqa.selenium.NoSuchElementException">
            <message>
              <![CDATA[Cannot locate an element using id=projectName
For documentation on this error, please visit: https://www.seleniumhq.org/exceptions/no_such_element.html
Build info: version: '3.141.59', revision: 'e82be7d358', time: '2018-11-14T08:17:03'
System info: host: 'PC77334', ip: '192.168.3.154', os.name: 'Windows 7', os.arch: 'amd64', os.version: '6.1', java.version: '1.8.0_73'
Driver info: driver.version: EventFiringWebDriver]]>
            </message>
            <full-stacktrace>
              <![CDATA[org.openqa.selenium.NoSuchElementException: Cannot locate an element using id=projectName
For documentation on this error, please visit: https://www.seleniumhq.org/exceptions/no_such_element.html
Build info: version: '3.141.59', revision: 'e82be7d358', time: '2018-11-14T08:17:03'
System info: host: 'PC77334', ip: '192.168.3.154', os.name: 'Windows 7', os.arch: 'amd64', os.version: '6.1', java.version: '1.8.0_73'
Driver info: driver.version: EventFiringWebDriver
	at org.openqa.selenium.remote.RemoteWebDriver.findElement(RemoteWebDriver.java:327)
	at org.openqa.selenium.remote.RemoteWebDriver.findElementById(RemoteWebDriver.java:372)
	at org.openqa.selenium.By$ById.findElement(By.java:188)
	at org.openqa.selenium.remote.RemoteWebDriver.findElement(RemoteWebDriver.java:315)
	at sun.reflect.NativeMethodAccessorImpl.invoke0(Native Method)
	at sun.reflect.NativeMethodAccessorImpl.invoke(NativeMethodAccessorImpl.java:62)
	at sun.reflect.DelegatingMethodAccessorImpl.invoke(DelegatingMethodAccessorImpl.java:43)
	at java.lang.reflect.Method.invoke(Method.java:497)
	at org.openqa.selenium.support.events.EventFiringWebDriver.lambda$new$1(EventFiringWebDriver.java:105)
	at com.sun.proxy.$Proxy6.findElement(Unknown Source)
	at org.openqa.selenium.support.events.EventFiringWebDriver.findElement(EventFiringWebDriver.java:194)
	at org.openqa.selenium.support.pagefactory.DefaultElementLocator.findElement(DefaultElementLocator.java:69)
	at org.openqa.selenium.support.pagefactory.internal.LocatingElementHandler.invoke(LocatingElementHandler.java:38)
	at com.sun.proxy.$Proxy11.clear(Unknown Source)
	at webstoreselenium.qa.utils.TestUtil.clearAndSendKeys(TestUtil.java:125)
	at webstoreselenium.qa.pages.EZSamplePage.enterRequireField(EZSamplePage.java:37)
	at webstoreselenium.qa.testcases.ezsample.Test_ezSample_sucess.verify_EZorder_success(Test_ezSample_sucess.java:72)
	at sun.reflect.NativeMethodAccessorImpl.invoke0(Native Method)
	at sun.reflect.NativeMethodAccessorImpl.invoke(NativeMethodAccessorImpl.java:62)
	at sun.reflect.DelegatingMethodAccessorImpl.invoke(DelegatingMethodAccessorImpl.java:43)
	at java.lang.reflect.Method.invoke(Method.java:497)
	at org.testng.internal.MethodInvocationHelper.invokeMethod(MethodInvocationHelper.java:108)
	at org.testng.internal.Invoker.invokeMethod(Invoker.java:661)
	at org.testng.internal.Invoker.invokeTestMethod(Invoker.java:869)
	at org.testng.internal.Invoker.invokeTestMethods(Invoker.java:1193)
	at org.testng.internal.TestMethodWorker.invokeTestMethods(TestMethodWorker.java:126)
	at org.testng.internal.TestMethodWorker.run(TestMethodWorker.java:109)
	at org.testng.TestRunner.privateRun(TestRunner.java:744)
	at org.testng.TestRunner.run(TestRunner.java:602)
	at org.testng.SuiteRunner.runTest(SuiteRunner.java:380)
	at org.testng.SuiteRunner.runSequentially(SuiteRunner.java:375)
	at org.testng.SuiteRunner.privateRun(SuiteRunner.java:340)
	at org.testng.SuiteRunner.run(SuiteRunner.java:289)
	at org.testng.SuiteRunnerWorker.runSuite(SuiteRunnerWorker.java:52)
	at org.testng.SuiteRunnerWorker.run(SuiteRunnerWorker.java:86)
	at org.testng.TestNG.runSuitesSequentially(TestNG.java:1301)
	at org.testng.TestNG.runSuitesLocally(TestNG.java:1226)
	at org.testng.TestNG.runSuites(TestNG.java:1144)
	at org.testng.TestNG.run(TestNG.java:1115)
	at org.apache.maven.surefire.testng.TestNGExecutor.run(TestNGExecutor.java:77)
	at org.apache.maven.surefire.testng.TestNGDirectoryTestSuite.executeMulti(TestNGDirectoryTestSuite.java:159)
	at org.apache.maven.surefire.testng.TestNGDirectoryTestSuite.execute(TestNGDirectoryTestSuite.java:99)
	at org.apache.maven.surefire.testng.TestNGProvider.invoke(TestNGProvider.java:106)
	at sun.reflect.NativeMethodAccessorImpl.invoke0(Native Method)
	at sun.reflect.NativeMethodAccessorImpl.invoke(NativeMethodAccessorImpl.java:62)
	at sun.reflect.DelegatingMethodAccessorImpl.invoke(DelegatingMethodAccessorImpl.java:43)
	at java.lang.reflect.Method.invoke(Method.java:497)
	at org.apache.maven.surefire.util.ReflectionUtils.invokeMethodWithArray(ReflectionUtils.java:189)
	at org.apache.maven.surefire.booter.ProviderFactory$ProviderProxy.invoke(ProviderFactory.java:165)
	at org.apache.maven.surefire.booter.ProviderFactory.invokeProvider(ProviderFactory.java:85)
	at org.apache.maven.surefire.booter.ForkedBooter.runSuitesInProcess(ForkedBooter.java:115)
	at org.apache.maven.surefire.booter.ForkedBooter.main(ForkedBooter.java:75)
]]>
            </full-stacktrace>
          </exception> <!-- org.openqa.selenium.NoSuchElementException -->
          <reporter-output>
          </reporter-output>
        </test-method> <!-- verify_EZorder_success -->
        <test-method status="PASS" signature="setUp()[pri:0, instance:webstoreselenium.qa.testcases.ezsample.Test_ezSample_sucess@783e6358]" name="setUp" is-config="true" duration-ms="3711" started-at="2019-04-17T13:12:47Z" finished-at="2019-04-17T13:12:51Z">
          <reporter-output>
          </reporter-output>
        </test-method> <!-- setUp -->
        <test-method status="PASS" signature="verify_US_ezOrderEmail_generated()[pri:0, instance:webstoreselenium.qa.testcases.ezsample.Test_ezSample_sucess@783e6358]" name="verify_US_ezOrderEmail_generated" duration-ms="3478" started-at="2019-04-17T13:12:51Z" finished-at="2019-04-17T13:12:54Z">
          <reporter-output>
          </reporter-output>
        </test-method> <!-- verify_US_ezOrderEmail_generated -->
      </class> <!-- webstoreselenium.qa.testcases.ezsample.Test_ezSample_sucess -->
      <class name="webstoreselenium.qa.testcases.order.Test_Order_UK">
        <test-method status="PASS" signature="setUp()[pri:0, instance:webstoreselenium.qa.testcases.order.Test_Order_UK@180bc464]" name="setUp" is-config="true" duration-ms="6563" started-at="2019-04-17T13:13:19Z" finished-at="2019-04-17T13:13:26Z">
          <reporter-output>
          </reporter-output>
        </test-method> <!-- setUp -->
        <test-method status="PASS" signature="verify_UK_order()[pri:0, instance:webstoreselenium.qa.testcases.order.Test_Order_UK@180bc464]" name="verify_UK_order" duration-ms="17986" started-at="2019-04-17T13:13:26Z" finished-at="2019-04-17T13:13:44Z">
          <reporter-output>
          </reporter-output>
        </test-method> <!-- verify_UK_order -->
        <test-method status="PASS" signature="tearDown()[pri:0, instance:webstoreselenium.qa.testcases.order.Test_Order_UK@180bc464]" name="tearDown" is-config="true" duration-ms="3485" started-at="2019-04-17T13:13:44Z" finished-at="2019-04-17T13:13:47Z">
          <reporter-output>
          </reporter-output>
        </test-method> <!-- tearDown -->
      </class> <!-- webstoreselenium.qa.testcases.order.Test_Order_UK -->
      <class name="webstoreselenium.qa.testcases.IndexPageTest">
        <test-method status="PASS" signature="setUp()[pri:0, instance:webstoreselenium.qa.testcases.IndexPageTest@17550481]" name="setUp" is-config="true" duration-ms="5293" started-at="2019-04-17T13:12:18Z" finished-at="2019-04-17T13:12:24Z">
          <reporter-output>
          </reporter-output>
        </test-method> <!-- setUp -->
        <test-method status="PASS" signature="verifyIndexPageTitle()[pri:0, instance:webstoreselenium.qa.testcases.IndexPageTest@17550481]" name="verifyIndexPageTitle" duration-ms="119" started-at="2019-04-17T13:12:24Z" finished-at="2019-04-17T13:12:24Z">
          <reporter-output>
          </reporter-output>
        </test-method> <!-- verifyIndexPageTitle -->
        <test-method status="PASS" signature="tearDown()[pri:0, instance:webstoreselenium.qa.testcases.IndexPageTest@17550481]" name="tearDown" is-config="true" duration-ms="8964" started-at="2019-04-17T13:12:24Z" finished-at="2019-04-17T13:12:33Z">
          <reporter-output>
          </reporter-output>
        </test-method> <!-- tearDown -->
      </class> <!-- webstoreselenium.qa.testcases.IndexPageTest -->
      <class name="webstoreselenium.qa.testcases.quote.Test_Quote_UK">
        <test-method status="PASS" signature="setUp()[pri:0, instance:webstoreselenium.qa.testcases.quote.Test_Quote_UK@2c6a3f77]" name="setUp" is-config="true" duration-ms="4524" started-at="2019-04-17T13:14:19Z" finished-at="2019-04-17T13:14:24Z">
          <reporter-output>
          </reporter-output>
        </test-method> <!-- setUp -->
        <test-method status="PASS" signature="verify_MCL_quote()[pri:0, instance:webstoreselenium.qa.testcases.quote.Test_Quote_UK@2c6a3f77]" name="verify_MCL_quote" duration-ms="10215" started-at="2019-04-17T13:14:24Z" finished-at="2019-04-17T13:14:34Z">
          <reporter-output>
          </reporter-output>
        </test-method> <!-- verify_MCL_quote -->
        <test-method status="PASS" signature="tearDown()[pri:0, instance:webstoreselenium.qa.testcases.quote.Test_Quote_UK@2c6a3f77]" name="tearDown" is-config="true" duration-ms="3553" started-at="2019-04-17T13:14:34Z" finished-at="2019-04-17T13:14:38Z">
          <reporter-output>
          </reporter-output>
        </test-method> <!-- tearDown -->
      </class> <!-- webstoreselenium.qa.testcases.quote.Test_Quote_UK -->
      <class name="webstoreselenium.qa.testcases.UpdateProfileTest">
        <test-method status="SKIP" signature="verifyCreatedNewAddress(java.lang.String, java.lang.String, java.lang.String, java.lang.String, java.lang.String, java.lang.String, java.lang.String, java.lang.String, java.lang.String, java.lang.String)[pri:0, instance:webstoreselenium.qa.testcases.UpdateProfileTest@62043840]" name="verifyCreatedNewAddress" duration-ms="0" started-at="2019-04-17T13:14:54Z" data-provider="getData" finished-at="2019-04-17T13:14:54Z">
          <exception class="java.lang.RuntimeException">
            <message>
              <![CDATA[java.lang.NullPointerException]]>
            </message>
            <full-stacktrace>
              <![CDATA[java.lang.RuntimeException: java.lang.NullPointerException
	at org.testng.internal.MethodInvocationHelper.invokeMethodNoCheckedException(MethodInvocationHelper.java:49)
	at org.testng.internal.MethodInvocationHelper.invokeDataProvider(MethodInvocationHelper.java:115)
	at org.testng.internal.Parameters.handleParameters(Parameters.java:509)
	at org.testng.internal.Invoker.handleParameters(Invoker.java:1308)
	at org.testng.internal.Invoker.createParameters(Invoker.java:1036)
	at org.testng.internal.Invoker.invokeTestMethods(Invoker.java:1126)
	at org.testng.internal.TestMethodWorker.invokeTestMethods(TestMethodWorker.java:126)
	at org.testng.internal.TestMethodWorker.run(TestMethodWorker.java:109)
	at org.testng.TestRunner.privateRun(TestRunner.java:744)
	at org.testng.TestRunner.run(TestRunner.java:602)
	at org.testng.SuiteRunner.runTest(SuiteRunner.java:380)
	at org.testng.SuiteRunner.runSequentially(SuiteRunner.java:375)
	at org.testng.SuiteRunner.privateRun(SuiteRunner.java:340)
	at org.testng.SuiteRunner.run(SuiteRunner.java:289)
	at org.testng.SuiteRunnerWorker.runSuite(SuiteRunnerWorker.java:52)
	at org.testng.SuiteRunnerWorker.run(SuiteRunnerWorker.java:86)
	at org.testng.TestNG.runSuitesSequentially(TestNG.java:1301)
	at org.testng.TestNG.runSuitesLocally(TestNG.java:1226)
	at org.testng.TestNG.runSuites(TestNG.java:1144)
	at org.testng.TestNG.run(TestNG.java:1115)
	at org.apache.maven.surefire.testng.TestNGExecutor.run(TestNGExecutor.java:77)
	at org.apache.maven.surefire.testng.TestNGDirectoryTestSuite.executeMulti(TestNGDirectoryTestSuite.java:159)
	at org.apache.maven.surefire.testng.TestNGDirectoryTestSuite.execute(TestNGDirectoryTestSuite.java:99)
	at org.apache.maven.surefire.testng.TestNGProvider.invoke(TestNGProvider.java:106)
	at sun.reflect.NativeMethodAccessorImpl.invoke0(Native Method)
	at sun.reflect.NativeMethodAccessorImpl.invoke(NativeMethodAccessorImpl.java:62)
	at sun.reflect.DelegatingMethodAccessorImpl.invoke(DelegatingMethodAccessorImpl.java:43)
	at java.lang.reflect.Method.invoke(Method.java:497)
	at org.apache.maven.surefire.util.ReflectionUtils.invokeMethodWithArray(ReflectionUtils.java:189)
	at org.apache.maven.surefire.booter.ProviderFactory$ProviderProxy.invoke(ProviderFactory.java:165)
	at org.apache.maven.surefire.booter.ProviderFactory.invokeProvider(ProviderFactory.java:85)
	at org.apache.maven.surefire.booter.ForkedBooter.runSuitesInProcess(ForkedBooter.java:115)
	at org.apache.maven.surefire.booter.ForkedBooter.main(ForkedBooter.java:75)
Caused by: java.lang.NullPointerException
	at webstoreselenium.qa.utils.TestUtil.getTestData(TestUtil.java:60)
	at webstoreselenium.qa.testcases.UpdateProfileTest.getData(UpdateProfileTest.java:55)
	at sun.reflect.NativeMethodAccessorImpl.invoke0(Native Method)
	at sun.reflect.NativeMethodAccessorImpl.invoke(NativeMethodAccessorImpl.java:62)
	at sun.reflect.DelegatingMethodAccessorImpl.invoke(DelegatingMethodAccessorImpl.java:43)
	at java.lang.reflect.Method.invoke(Method.java:497)
	at org.testng.internal.MethodInvocationHelper.invokeMethod(MethodInvocationHelper.java:108)
	at org.testng.internal.MethodInvocationHelper.invokeMethod(MethodInvocationHelper.java:55)
	at org.testng.internal.MethodInvocationHelper.invokeMethodNoCheckedException(MethodInvocationHelper.java:45)
	... 32 more
]]>
            </full-stacktrace>
          </exception> <!-- java.lang.RuntimeException -->
          <reporter-output>
          </reporter-output>
        </test-method> <!-- verifyCreatedNewAddress -->
      </class> <!-- webstoreselenium.qa.testcases.UpdateProfileTest -->
      <class name="webstoreselenium.qa.testcases.order.Test_Order_US">
        <test-method status="PASS" signature="setUp()[pri:0, instance:webstoreselenium.qa.testcases.order.Test_Order_US@1324409e]" name="setUp" is-config="true" duration-ms="6392" started-at="2019-04-17T13:13:47Z" finished-at="2019-04-17T13:13:54Z">
          <reporter-output>
          </reporter-output>
        </test-method> <!-- setUp -->
        <test-method status="PASS" signature="verify_US_order()[pri:0, instance:webstoreselenium.qa.testcases.order.Test_Order_US@1324409e]" name="verify_US_order" duration-ms="23313" started-at="2019-04-17T13:13:54Z" finished-at="2019-04-17T13:14:17Z">
          <reporter-output>
          </reporter-output>
        </test-method> <!-- verify_US_order -->
        <test-method status="PASS" signature="tearDown()[pri:0, instance:webstoreselenium.qa.testcases.order.Test_Order_US@1324409e]" name="tearDown" is-config="true" duration-ms="2405" started-at="2019-04-17T13:14:17Z" finished-at="2019-04-17T13:14:19Z">
          <reporter-output>
          </reporter-output>
        </test-method> <!-- tearDown -->
      </class> <!-- webstoreselenium.qa.testcases.order.Test_Order_US -->
    </test> <!-- Command line test -->
  </suite> <!-- Command line suite -->
</testng-results>
