<?xml version="1.0" encoding="UTF-8" ?>
<testsuite tests="10" failures="1" name="TestSuite" time="89.025" errors="0" skipped="1">
  <properties>
    <property name="java.runtime.name" value="Java(TM) SE Runtime Environment"/>
    <property name="sun.boot.library.path" value="C:\Program Files\Java\jdk1.8.0_73\jre\bin"/>
    <property name="java.vm.version" value="25.73-b02"/>
    <property name="java.vm.vendor" value="Oracle Corporation"/>
    <property name="java.vendor.url" value="http://java.oracle.com/"/>
    <property name="path.separator" value=";"/>
    <property name="guice.disable.misplaced.annotation.check" value="true"/>
    <property name="java.vm.name" value="Java HotSpot(TM) 64-Bit Server VM"/>
    <property name="file.encoding.pkg" value="sun.io"/>
    <property name="user.script" value=""/>
    <property name="user.country" value="US"/>
    <property name="sun.java.launcher" value="SUN_STANDARD"/>
    <property name="sun.os.patch.level" value="Service Pack 1"/>
    <property name="java.vm.specification.name" value="Java Virtual Machine Specification"/>
    <property name="user.dir" value="C:\Users\lexterA\workspace2\webstoreselenium"/>
    <property name="java.runtime.version" value="1.8.0_73-b02"/>
    <property name="java.awt.graphicsenv" value="sun.awt.Win32GraphicsEnvironment"/>
    <property name="java.endorsed.dirs" value="C:\Program Files\Java\jdk1.8.0_73\jre\lib\endorsed"/>
    <property name="os.arch" value="amd64"/>
    <property name="java.io.tmpdir" value="C:\Users\lexterA\AppData\Local\Temp\"/>
    <property name="line.separator" value="
"/>
    <property name="java.vm.specification.vendor" value="Oracle Corporation"/>
    <property name="user.variant" value=""/>
    <property name="os.name" value="Windows 7"/>
    <property name="classworlds.conf" value="C:\apache-maven-3.2.1\bin\m2.conf"/>
    <property name="sun.jnu.encoding" value="Cp1252"/>
    <property name="java.library.path" value="C:\Program Files\Java\jdk1.8.0_73\bin;C:\Windows\Sun\Java\bin;C:\Windows\system32;C:\Windows;C:\Program Files (x86)\Borland\Delphi7\Bin;C:\Program Files (x86)\Borland\Delphi7\Projects\Bpl\;C:\ProgramData\Oracle\Java\javapath;c:\Program Files (x86)\Intel\iCLS Client\;c:\Program Files\Intel\iCLS Client\;C:\Windows\system32;C:\Windows;C:\Windows\System32\Wbem;C:\Windows\System32\WindowsPowerShell\v1.0\;C:\Program Files (x86)\IBM\Client Access\Emulator;C:\Program Files (x86)\IBM\Client Access\Shared;C:\Program Files (x86)\IBM\Client Access\;C:\Program Files\Intel\Intel(R) Management Engine Components\DAL;C:\Program Files\Intel\Intel(R) Management Engine Components\IPT;C:\Program Files (x86)\Intel\Intel(R) Management Engine Components\DAL;C:\Program Files (x86)\Intel\Intel(R) Management Engine Components\IPT;C:\Program Files\Java\jdk1.8.0_73\bin;C:\Program Files\Agilent\IO Libraries Suite\bin;C:\Program Files\IVI Foundation\VISA\Win64\agvisa;C:\Program Files\IVI Foundation\VISA\Win64\bin;C:\Program Files (x86)\Agilent\IO Libraries Suite\bin;C:\Program Files (x86)\IVI Foundation\VISA\WinNT\agvisa;C:\Program Files (x86)\IVI Foundation\VISA\WinNT\bin;C:\Program Files (x86)\IVI Foundation\VISA\WinNT\Bin\;C:\Program Files\IVI Foundation\VISA\Win64\Bin\;C:\Users\lexterA\Desktop\SDK\platform-tools;C:\Users\lexterA\Desktop\SDK\tools;C:\apache-maven-3.2.1\bin;C:\Program Files (x86)\IVI Foundation\IVI\bin;C:\Program Files\IVI Foundation\IVI\bin;C:\Program Files\nodejs;C:\Program Files\nodejs\;C:\Program Files (x86)\Brackets\command;C:\Program Files\PuTTY\;C:\Users\lexterA\AppData\Roaming\npm;."/>
    <property name="java.specification.name" value="Java Platform API Specification"/>
    <property name="java.class.version" value="52.0"/>
    <property name="sun.management.compiler" value="HotSpot 64-Bit Tiered Compilers"/>
    <property name="os.version" value="6.1"/>
    <property name="user.home" value="C:\Users\lexterA"/>
    <property name="user.timezone" value="America/New_York"/>
    <property name="java.awt.printerjob" value="sun.awt.windows.WPrinterJob"/>
    <property name="java.specification.version" value="1.8"/>
    <property name="file.encoding" value="Cp1252"/>
    <property name="user.name" value="LexterA"/>
    <property name="java.class.path" value="C:\apache-maven-3.2.1\boot\plexus-classworlds-2.5.1.jar"/>
    <property name="org.slf4j.simpleLogger.defaultLogLevel" value="info"/>
    <property name="java.vm.specification.version" value="1.8"/>
    <property name="sun.arch.data.model" value="64"/>
    <property name="java.home" value="C:\Program Files\Java\jdk1.8.0_73\jre"/>
    <property name="sun.java.command" value="org.codehaus.plexus.classworlds.launcher.Launcher test -Psmoketest"/>
    <property name="java.specification.vendor" value="Oracle Corporation"/>
    <property name="user.language" value="en"/>
    <property name="awt.toolkit" value="sun.awt.windows.WToolkit"/>
    <property name="java.vm.info" value="mixed mode"/>
    <property name="java.version" value="1.8.0_73"/>
    <property name="java.ext.dirs" value="C:\Program Files\Java\jdk1.8.0_73\jre\lib\ext;C:\Windows\Sun\Java\lib\ext"/>
    <property name="sun.boot.class.path" value="C:\Program Files\Java\jdk1.8.0_73\jre\lib\resources.jar;C:\Program Files\Java\jdk1.8.0_73\jre\lib\rt.jar;C:\Program Files\Java\jdk1.8.0_73\jre\lib\sunrsasign.jar;C:\Program Files\Java\jdk1.8.0_73\jre\lib\jsse.jar;C:\Program Files\Java\jdk1.8.0_73\jre\lib\jce.jar;C:\Program Files\Java\jdk1.8.0_73\jre\lib\charsets.jar;C:\Program Files\Java\jdk1.8.0_73\jre\lib\jfr.jar;C:\Program Files\Java\jdk1.8.0_73\jre\classes"/>
    <property name="sun.stderr.encoding" value="cp437"/>
    <property name="java.vendor" value="Oracle Corporation"/>
    <property name="maven.home" value="C:\apache-maven-3.2.1"/>
    <property name="file.separator" value="\"/>
    <property name="java.vendor.url.bug" value="http://bugreport.sun.com/bugreport/"/>
    <property name="sun.cpu.endian" value="little"/>
    <property name="sun.io.unicode.encoding" value="UnicodeLittle"/>
    <property name="sun.stdout.encoding" value="cp437"/>
    <property name="sun.desktop" value="windows"/>
    <property name="sun.cpu.isalist" value="amd64"/>
  </properties>
  <testcase classname="webstoreselenium.qa.testcases.IndexPageTest" name="verifyIndexPageTitle" time="0.13"/>
  <testcase classname="webstoreselenium.qa.testcases.ezsample.Test_ezSample_sucess" name="verify_EZorder_success" time="10.658">
    <failure message="Cannot locate an element using id=projectName
For documentation on this error, please visit: https://www.seleniumhq.org/exceptions/no_such_element.html
Build info: version: &apos;3.141.59&apos;, revision: &apos;e82be7d358&apos;, time: &apos;2018-11-14T08:17:03&apos;
System info: host: &apos;PC77334&apos;, ip: &apos;192.168.3.154&apos;, os.name: &apos;Windows 7&apos;, os.arch: &apos;amd64&apos;, os.version: &apos;6.1&apos;, java.version: &apos;1.8.0_73&apos;
Driver info: driver.version: EventFiringWebDriver" type="org.openqa.selenium.NoSuchElementException">org.openqa.selenium.NoSuchElementException: Cannot locate an element using id=projectName
For documentation on this error, please visit: https://www.seleniumhq.org/exceptions/no_such_element.html
Build info: version: &apos;3.141.59&apos;, revision: &apos;e82be7d358&apos;, time: &apos;2018-11-14T08:17:03&apos;
System info: host: &apos;PC77334&apos;, ip: &apos;192.168.3.154&apos;, os.name: &apos;Windows 7&apos;, os.arch: &apos;amd64&apos;, os.version: &apos;6.1&apos;, java.version: &apos;1.8.0_73&apos;
Driver info: driver.version: EventFiringWebDriver
	at org.openqa.selenium.remote.RemoteWebDriver.findElement(RemoteWebDriver.java:327)
	at org.openqa.selenium.remote.RemoteWebDriver.findElementById(RemoteWebDriver.java:372)
	at org.openqa.selenium.By$ById.findElement(By.java:188)
	at org.openqa.selenium.remote.RemoteWebDriver.findElement(RemoteWebDriver.java:315)
	at sun.reflect.NativeMethodAccessorImpl.invoke0(Native Method)
	at sun.reflect.NativeMethodAccessorImpl.invoke(NativeMethodAccessorImpl.java:62)
	at sun.reflect.DelegatingMethodAccessorImpl.invoke(DelegatingMethodAccessorImpl.java:43)
	at java.lang.reflect.Method.invoke(Method.java:497)
	at org.openqa.selenium.support.events.EventFiringWebDriver.lambda$new$1(EventFiringWebDriver.java:105)
	at com.sun.proxy.$Proxy6.findElement(Unknown Source)
	at org.openqa.selenium.support.events.EventFiringWebDriver.findElement(EventFiringWebDriver.java:194)
	at org.openqa.selenium.support.pagefactory.DefaultElementLocator.findElement(DefaultElementLocator.java:69)
	at org.openqa.selenium.support.pagefactory.internal.LocatingElementHandler.invoke(LocatingElementHandler.java:38)
	at com.sun.proxy.$Proxy11.clear(Unknown Source)
	at webstoreselenium.qa.utils.TestUtil.clearAndSendKeys(TestUtil.java:125)
	at webstoreselenium.qa.pages.EZSamplePage.enterRequireField(EZSamplePage.java:37)
	at webstoreselenium.qa.testcases.ezsample.Test_ezSample_sucess.verify_EZorder_success(Test_ezSample_sucess.java:72)
</failure>
    <system-out>Before navigating to: &apos;https://www1.minicircuits.com/&apos;
Navigated to:&apos;https://www1.minicircuits.com/&apos;
Trying to find Element By : By.xpath: //p[contains(text(),&apos;Hello. Sign in&apos;)]
Found Element By : By.xpath: //p[contains(text(),&apos;Hello. Sign in&apos;)]
Trying to click on: [[ChromeDriver: chrome on XP (c1f4a6c4eec5c75408f5c9f463de154f)] -&gt; xpath: //p[contains(text(),&apos;Hello. Sign in&apos;)]]
Clicked on: [[ChromeDriver: chrome on XP (c1f4a6c4eec5c75408f5c9f463de154f)] -&gt; xpath: //p[contains(text(),&apos;Hello. Sign in&apos;)]]
Trying to find Element By : By.xpath: //a[text()=&apos;Sign in&apos;]
Found Element By : By.xpath: //a[text()=&apos;Sign in&apos;]
Trying to find Element By : By.id: login_name
Found Element By : By.id: login_name
Trying to find Element By : By.id: login_name
Found Element By : By.id: login_name
Trying to find Element By : By.id: account_password
Found Element By : By.id: account_password
Trying to find Element By : By.id: account_password
Found Element By : By.id: account_password
Trying to find Element By : By.id: login
Found Element By : By.id: login
Trying to click on: [[ChromeDriver: chrome on XP (c1f4a6c4eec5c75408f5c9f463de154f)] -&gt; id: login]
Clicked on: [[ChromeDriver: chrome on XP (c1f4a6c4eec5c75408f5c9f463de154f)] -&gt; id: login]
Trying to find Element By : By.xpath: //div[@id=&apos;cp_popup&apos;]//img
Found Element By : By.xpath: //div[@id=&apos;cp_popup&apos;]//img
Trying to click on: [[ChromeDriver: chrome on XP (c1f4a6c4eec5c75408f5c9f463de154f)] -&gt; xpath: //div[@id=&apos;cp_popup&apos;]//img]
Clicked on: [[ChromeDriver: chrome on XP (c1f4a6c4eec5c75408f5c9f463de154f)] -&gt; xpath: //div[@id=&apos;cp_popup&apos;]//img]
Trying to find Element By : By.xpath: //input[@name=&apos;model&apos; and @value=&apos;Model No. Search&apos;]
Found Element By : By.xpath: //input[@name=&apos;model&apos; and @value=&apos;Model No. Search&apos;]
Trying to find Element By : By.xpath: //form[@id=&apos;model_search_function&apos;]//i
Found Element By : By.xpath: //form[@id=&apos;model_search_function&apos;]//i
Trying to click on: [[ChromeDriver: chrome on XP (c1f4a6c4eec5c75408f5c9f463de154f)] -&gt; xpath: //form[@id=&apos;model_search_function&apos;]//i]
Clicked on: [[ChromeDriver: chrome on XP (c1f4a6c4eec5c75408f5c9f463de154f)] -&gt; xpath: //form[@id=&apos;model_search_function&apos;]//i]
Trying to find Element By : By.id: order_ez_sample_model
Found Element By : By.id: order_ez_sample_model
Trying to click on: [[ChromeDriver: chrome on XP (c1f4a6c4eec5c75408f5c9f463de154f)] -&gt; id: order_ez_sample_model]
Clicked on: [[ChromeDriver: chrome on XP (c1f4a6c4eec5c75408f5c9f463de154f)] -&gt; id: order_ez_sample_model]
Trying to find Element By : By.id: projectName
Exception occured: org.openqa.selenium.NoSuchElementException: Cannot locate an element using id=projectName
For documentation on this error, please visit: https://www.seleniumhq.org/exceptions/no_such_element.html
Build info: version: &apos;3.141.59&apos;, revision: &apos;e82be7d358&apos;, time: &apos;2018-11-14T08:17:03&apos;
System info: host: &apos;PC77334&apos;, ip: &apos;192.168.3.154&apos;, os.name: &apos;Windows 7&apos;, os.arch: &apos;amd64&apos;, os.version: &apos;6.1&apos;, java.version: &apos;1.8.0_73&apos;
Driver info: driver.version: EventFiringWebDriver
</system-out>
    <system-err>Starting ChromeDriver 2.38.552522 (437e6fbedfa8762dec75e2c5b3ddb86763dc9dcb) on port 12337
Only local connections are allowed.
Apr 17, 2019 1:12:34 PM org.openqa.selenium.remote.ProtocolHandshake createSession
INFO: Detected dialect: OSS
</system-err>
  </testcase>
  <testcase classname="webstoreselenium.qa.testcases.ezsample.Test_ezSample_sucess" name="verify_US_ezOrderEmail_generated" time="3.477"/>
  <testcase classname="webstoreselenium.qa.testcases.LoginPageTest" name="verifyCurrentUrl" time="1.131"/>
  <testcase classname="webstoreselenium.qa.testcases.LoginPageTest" name="verifyErrorMsgForInvalidLogin" time="1.582"/>
  <testcase classname="webstoreselenium.qa.testcases.order.Test_Order_UK" name="verify_UK_order" time="17.981"/>
  <testcase classname="webstoreselenium.qa.testcases.order.Test_Order_US" name="verify_US_order" time="23.313"/>
  <testcase classname="webstoreselenium.qa.testcases.quote.Test_Quote_UK" name="verify_MCL_quote" time="10.21"/>
  <testcase classname="webstoreselenium.qa.testcases.quote.Test_Quote_US" name="verify_US_quote" time="8.403"/>
  <testcase classname="webstoreselenium.qa.testcases.UpdateProfileTest" name="verifyCreatedNewAddress" time="12.14">
    <skipped/>
    <system-err>[Utils] [ERROR] [Error] java.lang.NullPointerException
	at webstoreselenium.qa.utils.TestUtil.getTestData(TestUtil.java:60)
	at webstoreselenium.qa.testcases.UpdateProfileTest.getData(UpdateProfileTest.java:55)
	at sun.reflect.NativeMethodAccessorImpl.invoke0(Native Method)
	at sun.reflect.NativeMethodAccessorImpl.invoke(NativeMethodAccessorImpl.java:62)
	at sun.reflect.DelegatingMethodAccessorImpl.invoke(DelegatingMethodAccessorImpl.java:43)
	at java.lang.reflect.Method.invoke(Method.java:497)
	at org.testng.internal.MethodInvocationHelper.invokeMethod(MethodInvocationHelper.java:108)
	at org.testng.internal.MethodInvocationHelper.invokeMethod(MethodInvocationHelper.java:55)
	at org.testng.internal.MethodInvocationHelper.invokeMethodNoCheckedException(MethodInvocationHelper.java:45)
	at org.testng.internal.MethodInvocationHelper.invokeDataProvider(MethodInvocationHelper.java:115)
	at org.testng.internal.Parameters.handleParameters(Parameters.java:509)
	at org.testng.internal.Invoker.handleParameters(Invoker.java:1308)
	at org.testng.internal.Invoker.createParameters(Invoker.java:1036)
	at org.testng.internal.Invoker.invokeTestMethods(Invoker.java:1126)
	at org.testng.internal.TestMethodWorker.invokeTestMethods(TestMethodWorker.java:126)
	at org.testng.internal.TestMethodWorker.run(TestMethodWorker.java:109)
	at org.testng.TestRunner.privateRun(TestRunner.java:744)
	at org.testng.TestRunner.run(TestRunner.java:602)
	at org.testng.SuiteRunner.runTest(SuiteRunner.java:380)
	at org.testng.SuiteRunner.runSequentially(SuiteRunner.java:375)
	at org.testng.SuiteRunner.privateRun(SuiteRunner.java:340)
	at org.testng.SuiteRunner.run(SuiteRunner.java:289)
	at org.testng.SuiteRunnerWorker.runSuite(SuiteRunnerWorker.java:52)
	at org.testng.SuiteRunnerWorker.run(SuiteRunnerWorker.java:86)
	at org.testng.TestNG.runSuitesSequentially(TestNG.java:1301)
	at org.testng.TestNG.runSuitesLocally(TestNG.java:1226)
	at org.testng.TestNG.runSuites(TestNG.java:1144)
	at org.testng.TestNG.run(TestNG.java:1115)
	at org.apache.maven.surefire.testng.TestNGExecutor.run(TestNGExecutor.java:77)
	at org.apache.maven.surefire.testng.TestNGDirectoryTestSuite.executeMulti(TestNGDirectoryTestSuite.java:159)
	at org.apache.maven.surefire.testng.TestNGDirectoryTestSuite.execute(TestNGDirectoryTestSuite.java:99)
	at org.apache.maven.surefire.testng.TestNGProvider.invoke(TestNGProvider.java:106)
	at sun.reflect.NativeMethodAccessorImpl.invoke0(Native Method)
	at sun.reflect.NativeMethodAccessorImpl.invoke(NativeMethodAccessorImpl.java:62)
	at sun.reflect.DelegatingMethodAccessorImpl.invoke(DelegatingMethodAccessorImpl.java:43)
	at java.lang.reflect.Method.invoke(Method.java:497)
	at org.apache.maven.surefire.util.ReflectionUtils.invokeMethodWithArray(ReflectionUtils.java:189)
	at org.apache.maven.surefire.booter.ProviderFactory$ProviderProxy.invoke(ProviderFactory.java:165)
	at org.apache.maven.surefire.booter.ProviderFactory.invokeProvider(ProviderFactory.java:85)
	at org.apache.maven.surefire.booter.ForkedBooter.runSuitesInProcess(ForkedBooter.java:115)
	at org.apache.maven.surefire.booter.ForkedBooter.main(ForkedBooter.java:75)

</system-err>
  </testcase>
</testsuite>